\BOOKMARK [1][-]{section.1}{\376\377\000I\000n\000t\000r\000o\000d\000u\000c\000t\000i\000o\000n}{}% 1
\BOOKMARK [1][-]{section.2}{\376\377\000S\000t\000r\000u\000c\000t\000u\000r\000e\000s\000\040\000d\000e\000\040\000d\000o\000n\000n\000\351\000e\000s}{}% 2
\BOOKMARK [2][-]{subsection.2.1}{\376\377\000L\000e\000s\000\040\000l\000i\000s\000t\000e\000s\000\040\000c\000h\000a\000\356\000n\000\351\000e\000s\000\040\000o\000r\000d\000o\000n\000n\000\351\000e\000s}{section.2}% 3
\BOOKMARK [2][-]{subsection.2.2}{\376\377\000L\000e\000s\000\040\000a\000r\000b\000r\000e\000s\000\040\000b\000i\000n\000a\000i\000r\000e\000s\000\040\000d\000e\000\040\000r\000e\000c\000h\000e\000r\000c\000h\000e}{section.2}% 4
\BOOKMARK [2][-]{subsection.2.3}{\376\377\000L\000e\000s\000\040\000t\000a\000b\000l\000e\000s\000\040\000d\000e\000\040\000h\000a\000c\000h\000a\000g\000e}{section.2}% 5
\BOOKMARK [1][-]{section.3}{\376\377\000S\000k\000i\000p\000\040\000l\000i\000s\000t\000s}{}% 6
\BOOKMARK [2][-]{subsection.3.1}{\376\377\000A\000n\000a\000l\000o\000g\000i\000e}{section.3}% 7
\BOOKMARK [2][-]{subsection.3.2}{\376\377\000D\000\351\000f\000i\000n\000i\000t\000i\000o\000n}{section.3}% 8
\BOOKMARK [1][-]{section.4}{\376\377\000A\000l\000g\000o\000r\000i\000t\000h\000m\000e\000s}{}% 9
\BOOKMARK [2][-]{subsection.4.1}{\376\377\000A\000l\000g\000o\000r\000i\000t\000h\000m\000e\000\040\000d\000e\000\040\000R\000e\000c\000h\000e\000r\000c\000h\000e}{section.4}% 10
\BOOKMARK [2][-]{subsection.4.2}{\376\377\000A\000l\000g\000o\000r\000i\000t\000h\000m\000e\000\040\000d\000'\000i\000n\000s\000e\000r\000t\000i\000o\000n}{section.4}% 11
\BOOKMARK [2][-]{subsection.4.3}{\376\377\000A\000l\000g\000o\000r\000i\000t\000h\000m\000e\000\040\000d\000e\000\040\000s\000u\000p\000p\000r\000e\000s\000s\000i\000o\000n}{section.4}% 12
\BOOKMARK [1][-]{section.5}{\376\377\000A\000n\000a\000l\000y\000s\000e\000s}{}% 13
\BOOKMARK [2][-]{subsection.5.1}{\376\377\000S\000k\000i\000p\000\040\000l\000i\000s\000t\000s\000\040\000u\000n\000i\000f\000o\000r\000m\000e\000s}{section.5}% 14
\BOOKMARK [2][-]{subsection.5.2}{\376\377\000S\000k\000i\000p\000\040\000l\000i\000s\000t\000s\000\040\000a\000l\000\351\000a\000t\000o\000i\000r\000e\000s}{section.5}% 15
\BOOKMARK [2][-]{subsection.5.3}{\376\377\000L\000a\000\040\000h\000a\000u\000t\000e\000u\000r}{section.5}% 16
\BOOKMARK [2][-]{subsection.5.4}{\376\377\000A\000v\000e\000c\000\040\000u\000n\000e\000\040\000f\000o\000r\000t\000e\000\040\000p\000r\000o\000b\000a\000b\000i\000l\000i\000t\000\351}{section.5}% 17
\BOOKMARK [1][-]{section.6}{\376\377\000C\000o\000m\000p\000l\000e\000x\000i\000t\000\351\000\040\000e\000n\000\040\000t\000e\000m\000p\000s}{}% 18
\BOOKMARK [2][-]{subsection.6.1}{\376\377\000C\000o\000m\000p\000l\000e\000x\000i\000t\000\351\000\040\000e\000n\000\040\000t\000e\000m\000p\000s\000\040}{section.6}% 19
\BOOKMARK [1][-]{section.7}{\376\377\000C\000o\000n\000c\000l\000u\000s\000i\000o\000n}{}% 20
\BOOKMARK [1][-]{section.8}{\376\377\000A\000n\000n\000e\000x\000e}{}% 21
